<?xml version="1.0" encoding="UTF-8"?>
<robot generator="Robot 5.0.1 (Python 3.10.7 on darwin)" generated="20220921 14:42:06.457" rpa="false" schemaversion="3">
<suite id="s1" name="Teste-Cart" source="/Users/lucasgustavods/Documents/Dev/teste-carrinho-de-compras/tests/teste-cart.robot">
<kw name="Abrir o navegador no e-commerce" library="login-logout" type="SETUP">
<kw name="Open Browser" library="SeleniumLibrary">
<arg>${URL_ECOMMERCE}</arg>
<arg>${NAVEGADOR_DO_TESTE}</arg>
<doc>Opens a new browser instance to the optional ``url``.</doc>
<msg timestamp="20220921 14:42:06.553" level="INFO">Opening browser 'chrome' to base url 'https://www.demoblaze.com/'.</msg>
<status status="PASS" starttime="20220921 14:42:06.552" endtime="20220921 14:42:09.088"/>
</kw>
<kw name="Maximize Browser Window" library="SeleniumLibrary">
<doc>Maximizes current browser window.</doc>
<status status="PASS" starttime="20220921 14:42:09.088" endtime="20220921 14:42:09.209"/>
</kw>
<kw name="Set Selenium Speed" library="SeleniumLibrary">
<arg>0.5s</arg>
<doc>Sets the delay that is waited after each Selenium command.</doc>
<status status="PASS" starttime="20220921 14:42:09.209" endtime="20220921 14:42:09.209"/>
</kw>
<status status="PASS" starttime="20220921 14:42:06.552" endtime="20220921 14:42:09.209"/>
</kw>
<test id="s1-t1" name="Testar a compra de um produto através do carrinho" line="11">
<kw name="Realizar o login" library="login-logout" type="SETUP">
<kw name="Informar usuário e senha" library="login-logout">
<kw name="Click Element" library="SeleniumLibrary">
<arg>${TEXT_LOGIN}</arg>
<doc>Click the element identified by ``locator``.</doc>
<msg timestamp="20220921 14:42:09.211" level="INFO">Clicking element 'id=login2'.</msg>
<status status="PASS" starttime="20220921 14:42:09.211" endtime="20220921 14:42:10.235"/>
</kw>
<kw name="Input Text" library="SeleniumLibrary">
<arg>${INPUT_USUARIO}</arg>
<arg>${USUARIO}</arg>
<doc>Types the given ``text`` into the text field identified by ``locator``.</doc>
<msg timestamp="20220921 14:42:10.235" level="INFO">Typing text 'admin' into text field 'id=loginusername'.</msg>
<status status="PASS" starttime="20220921 14:42:10.235" endtime="20220921 14:42:11.807"/>
</kw>
<kw name="Input Text" library="SeleniumLibrary">
<arg>${INPUT_SENHA}</arg>
<arg>${SENHA}</arg>
<doc>Types the given ``text`` into the text field identified by ``locator``.</doc>
<msg timestamp="20220921 14:42:11.807" level="INFO">Typing text 'admin' into text field 'id=loginpassword'.</msg>
<status status="PASS" starttime="20220921 14:42:11.807" endtime="20220921 14:42:13.357"/>
</kw>
<kw name="Click Element" library="SeleniumLibrary">
<arg>${BUTTON_LOGIN}</arg>
<doc>Click the element identified by ``locator``.</doc>
<msg timestamp="20220921 14:42:13.357" level="INFO">Clicking element 'xpath=//button[contains(text(), 'Log in')]'.</msg>
<status status="PASS" starttime="20220921 14:42:13.357" endtime="20220921 14:42:14.391"/>
</kw>
<status status="PASS" starttime="20220921 14:42:09.211" endtime="20220921 14:42:14.392"/>
</kw>
<status status="PASS" starttime="20220921 14:42:09.211" endtime="20220921 14:42:14.392"/>
</kw>
<kw name="Clicar em um produto" library="compras">
<kw name="Wait Until Keyword Succeeds" library="BuiltIn">
<arg>1s</arg>
<arg>0.5s</arg>
<arg>${PRODUTO}</arg>
<doc>Runs the specified keyword and retries if it fails.</doc>
<kw name="xpath=//a[contains(text(), 'Samsung galaxy s6')]">
<msg timestamp="20220921 14:42:14.394" level="FAIL">No keyword with name 'xpath=//a[contains(text(), 'Samsung galaxy s6')]' found.</msg>
<status status="FAIL" starttime="20220921 14:42:14.394" endtime="20220921 14:42:14.394"/>
</kw>
<kw name="xpath=//a[contains(text(), 'Samsung galaxy s6')]">
<msg timestamp="20220921 14:42:14.896" level="FAIL">No keyword with name 'xpath=//a[contains(text(), 'Samsung galaxy s6')]' found.</msg>
<status status="FAIL" starttime="20220921 14:42:14.896" endtime="20220921 14:42:14.896"/>
</kw>
<kw name="xpath=//a[contains(text(), 'Samsung galaxy s6')]">
<msg timestamp="20220921 14:42:15.406" level="FAIL">No keyword with name 'xpath=//a[contains(text(), 'Samsung galaxy s6')]' found.</msg>
<status status="FAIL" starttime="20220921 14:42:15.405" endtime="20220921 14:42:15.406"/>
</kw>
<msg timestamp="20220921 14:42:15.407" level="FAIL">Keyword 'xpath=//a[contains(text(), 'Samsung galaxy s6')]' failed after retrying for 1 second. The last error was: No keyword with name 'xpath=//a[contains(text(), 'Samsung galaxy s6')]' found.</msg>
<status status="FAIL" starttime="20220921 14:42:14.392" endtime="20220921 14:42:15.410"/>
</kw>
<kw name="Click Element" library="SeleniumLibrary">
<arg>${PRODUTO}</arg>
<doc>Click the element identified by ``locator``.</doc>
<status status="NOT RUN" starttime="20220921 14:42:15.410" endtime="20220921 14:42:15.410"/>
</kw>
<status status="FAIL" starttime="20220921 14:42:14.392" endtime="20220921 14:42:15.410"/>
</kw>
<kw name="Adicionar produto ao carrinho" library="compras">
<status status="NOT RUN" starttime="20220921 14:42:15.410" endtime="20220921 14:42:15.410"/>
</kw>
<kw name="Clicar no carrinho" library="compras">
<status status="NOT RUN" starttime="20220921 14:42:15.410" endtime="20220921 14:42:15.410"/>
</kw>
<kw name="Verificar se existem produtos no carrinho" library="compras">
<status status="NOT RUN" starttime="20220921 14:42:15.410" endtime="20220921 14:42:15.410"/>
</kw>
<kw name="Fazer pedido" library="compras">
<status status="NOT RUN" starttime="20220921 14:42:15.410" endtime="20220921 14:42:15.411"/>
</kw>
<kw name="Preencher dados da compra" library="compras">
<status status="NOT RUN" starttime="20220921 14:42:15.411" endtime="20220921 14:42:15.411"/>
</kw>
<kw name="Realizar compra" library="compras">
<status status="NOT RUN" starttime="20220921 14:42:15.411" endtime="20220921 14:42:15.411"/>
</kw>
<kw name="Verificar se confirmação da compra foi efetuada" library="compras">
<status status="NOT RUN" starttime="20220921 14:42:15.411" endtime="20220921 14:42:15.411"/>
</kw>
<kw name="Realizar o logout" library="login-logout" type="TEARDOWN">
<kw name="Click Element" library="SeleniumLibrary">
<arg>${TEXT_LOGOUT}</arg>
<doc>Click the element identified by ``locator``.</doc>
<msg timestamp="20220921 14:42:15.411" level="INFO">Clicking element 'id=logout2'.</msg>
<status status="PASS" starttime="20220921 14:42:15.411" endtime="20220921 14:42:16.649"/>
</kw>
<status status="PASS" starttime="20220921 14:42:15.411" endtime="20220921 14:42:16.649"/>
</kw>
<status status="FAIL" starttime="20220921 14:42:09.210" endtime="20220921 14:42:16.650">Keyword 'xpath=//a[contains(text(), 'Samsung galaxy s6')]' failed after retrying for 1 second. The last error was: No keyword with name 'xpath=//a[contains(text(), 'Samsung galaxy s6')]' found.</status>
</test>
<test id="s1-t2" name="Excluir um produto do carrinho" line="21">
<kw name="Realizar o login" library="login-logout" type="SETUP">
<kw name="Informar usuário e senha" library="login-logout">
<kw name="Click Element" library="SeleniumLibrary">
<arg>${TEXT_LOGIN}</arg>
<doc>Click the element identified by ``locator``.</doc>
<msg timestamp="20220921 14:42:16.653" level="INFO">Clicking element 'id=login2'.</msg>
<status status="PASS" starttime="20220921 14:42:16.653" endtime="20220921 14:42:17.690"/>
</kw>
<kw name="Input Text" library="SeleniumLibrary">
<arg>${INPUT_USUARIO}</arg>
<arg>${USUARIO}</arg>
<doc>Types the given ``text`` into the text field identified by ``locator``.</doc>
<msg timestamp="20220921 14:42:17.691" level="INFO">Typing text 'admin' into text field 'id=loginusername'.</msg>
<status status="PASS" starttime="20220921 14:42:17.691" endtime="20220921 14:42:19.251"/>
</kw>
<kw name="Input Text" library="SeleniumLibrary">
<arg>${INPUT_SENHA}</arg>
<arg>${SENHA}</arg>
<doc>Types the given ``text`` into the text field identified by ``locator``.</doc>
<msg timestamp="20220921 14:42:19.253" level="INFO">Typing text 'admin' into text field 'id=loginpassword'.</msg>
<status status="PASS" starttime="20220921 14:42:19.252" endtime="20220921 14:42:20.828"/>
</kw>
<kw name="Click Element" library="SeleniumLibrary">
<arg>${BUTTON_LOGIN}</arg>
<doc>Click the element identified by ``locator``.</doc>
<msg timestamp="20220921 14:42:20.830" level="INFO">Clicking element 'xpath=//button[contains(text(), 'Log in')]'.</msg>
<status status="PASS" starttime="20220921 14:42:20.829" endtime="20220921 14:42:21.884"/>
</kw>
<status status="PASS" starttime="20220921 14:42:16.652" endtime="20220921 14:42:21.884"/>
</kw>
<status status="PASS" starttime="20220921 14:42:16.652" endtime="20220921 14:42:21.885"/>
</kw>
<kw name="Clicar em um produto" library="compras">
<kw name="Wait Until Keyword Succeeds" library="BuiltIn">
<arg>1s</arg>
<arg>0.5s</arg>
<arg>${PRODUTO}</arg>
<doc>Runs the specified keyword and retries if it fails.</doc>
<kw name="xpath=//a[contains(text(), 'Samsung galaxy s6')]">
<msg timestamp="20220921 14:42:21.890" level="FAIL">No keyword with name 'xpath=//a[contains(text(), 'Samsung galaxy s6')]' found.</msg>
<status status="FAIL" starttime="20220921 14:42:21.890" endtime="20220921 14:42:21.890"/>
</kw>
<kw name="xpath=//a[contains(text(), 'Samsung galaxy s6')]">
<msg timestamp="20220921 14:42:22.395" level="FAIL">No keyword with name 'xpath=//a[contains(text(), 'Samsung galaxy s6')]' found.</msg>
<status status="FAIL" starttime="20220921 14:42:22.395" endtime="20220921 14:42:22.395"/>
</kw>
<kw name="xpath=//a[contains(text(), 'Samsung galaxy s6')]">
<msg timestamp="20220921 14:42:22.900" level="FAIL">No keyword with name 'xpath=//a[contains(text(), 'Samsung galaxy s6')]' found.</msg>
<status status="FAIL" starttime="20220921 14:42:22.900" endtime="20220921 14:42:22.900"/>
</kw>
<msg timestamp="20220921 14:42:22.900" level="FAIL">Keyword 'xpath=//a[contains(text(), 'Samsung galaxy s6')]' failed after retrying for 1 second. The last error was: No keyword with name 'xpath=//a[contains(text(), 'Samsung galaxy s6')]' found.</msg>
<status status="FAIL" starttime="20220921 14:42:21.885" endtime="20220921 14:42:22.900"/>
</kw>
<kw name="Click Element" library="SeleniumLibrary">
<arg>${PRODUTO}</arg>
<doc>Click the element identified by ``locator``.</doc>
<status status="NOT RUN" starttime="20220921 14:42:22.901" endtime="20220921 14:42:22.901"/>
</kw>
<status status="FAIL" starttime="20220921 14:42:21.885" endtime="20220921 14:42:22.901"/>
</kw>
<kw name="Adicionar produto ao carrinho" library="compras">
<status status="NOT RUN" starttime="20220921 14:42:22.902" endtime="20220921 14:42:22.902"/>
</kw>
<kw name="Clicar no carrinho" library="compras">
<status status="NOT RUN" starttime="20220921 14:42:22.902" endtime="20220921 14:42:22.902"/>
</kw>
<kw name="Verificar se existem produtos no carrinho" library="compras">
<status status="NOT RUN" starttime="20220921 14:42:22.902" endtime="20220921 14:42:22.902"/>
</kw>
<kw name="Deletar o produto" library="compras">
<status status="NOT RUN" starttime="20220921 14:42:22.902" endtime="20220921 14:42:22.902"/>
</kw>
<kw name="Verificar se não existe nenhum produto no carrinho" library="compras">
<status status="NOT RUN" starttime="20220921 14:42:22.902" endtime="20220921 14:42:22.902"/>
</kw>
<kw name="Realizar o logout" library="login-logout" type="TEARDOWN">
<kw name="Click Element" library="SeleniumLibrary">
<arg>${TEXT_LOGOUT}</arg>
<doc>Click the element identified by ``locator``.</doc>
<msg timestamp="20220921 14:42:22.903" level="INFO">Clicking element 'id=logout2'.</msg>
<status status="PASS" starttime="20220921 14:42:22.903" endtime="20220921 14:42:23.976"/>
</kw>
<status status="PASS" starttime="20220921 14:42:22.903" endtime="20220921 14:42:23.976"/>
</kw>
<status status="FAIL" starttime="20220921 14:42:16.651" endtime="20220921 14:42:23.977">Keyword 'xpath=//a[contains(text(), 'Samsung galaxy s6')]' failed after retrying for 1 second. The last error was: No keyword with name 'xpath=//a[contains(text(), 'Samsung galaxy s6')]' found.</status>
</test>
<kw name="Fechar o navegador" library="login-logout" type="TEARDOWN">
<kw name="Close Browser" library="SeleniumLibrary">
<doc>Closes the current browser.</doc>
<status status="PASS" starttime="20220921 14:42:23.979" endtime="20220921 14:42:24.552"/>
</kw>
<status status="PASS" starttime="20220921 14:42:23.979" endtime="20220921 14:42:24.553"/>
</kw>
<status status="FAIL" starttime="20220921 14:42:06.458" endtime="20220921 14:42:24.553"/>
</suite>
<statistics>
<total>
<stat pass="0" fail="2" skip="0">All Tests</stat>
</total>
<tag>
</tag>
<suite>
<stat pass="0" fail="2" skip="0" id="s1" name="Teste-Cart">Teste-Cart</stat>
</suite>
</statistics>
<errors>
</errors>
</robot>
